    5        0    COPY       START      0                                                                  
   10        0    FIRST      STL        RETADR                                                             00000000000000000017202D
   15        3               LDB        #LENGTH                                                            00000000000000000069202D
   20        6               BASE       LENGTH                                                             
   25        6    CLOOP     +JSUB       RDREC                                                              00000000000000000000000000000036
   30       10               LDA        LENGTH                                                             000000000000000000032026
   35       13               COMP       #0                                                                 
   40       16               JEQ        ENDFIL                                                             000000000000000000332007
   45       19              +JSUB       WRREC                                                              0000000000000000000000000000005D
   50       23               J          CLOOP                                                              0000000000000000003F2FEC
   55       26    ENDFIL     LDA        EOF                                                                000000000000000000032010
   60       29               STA        BUFFER                                                             0000000000000000000F2016
   65       32               LDA        #3                                                                 
   70       35               STA        LENGTH                                                             0000000000000000000F200D
   75       38              +JSUB       WRREC                                                              0000000000000000000000000000005D
   80       42               J          @RETADR                                                            0000000000000000003E2003
   85       45    EOF        BYTE       C'EOF'                                                             
   90       48    RETADR     RESW       1                                                                  
   95       51    LENGTH     RESW       1                                                                  
  100       54    BUFFER     RESB       4096                                                               
  105     4150    RDREC      CLEAR      X                                                                  00000000000000000000B410
  110     4152               CLEAR      A                                                                  00000000000000000000B400
  115     4154               CLEAR      S                                                                  00000000000000000000B440
  120     4156              +LDT        #4096                                                              
  125     4160    RLOOP      TD         INPUT                                                              000000000000000000E32019
  130     4163               JEQ        RLOOP                                                              000000000000000000332FFA
  135     4166               RD         INPUT                                                              000000000000000000DB2013
  140     4169               COMPR      A,                                                                 00000000000000000000A000
  145     4171               JEQ        EXIT                                                               000000000000000000332008
  150     4174               STCH       BUFFER                                                             000000000000000000574003
  155     4177               TIXR       T                                                                  00000000000000000000B850
  160     4179               JLT        RLOOP                                                              0000000000000000003B2FEA
  165     4182    EXIT       STX        LENGTH                                                             000000000000000000134000
  175     4188    INPUT      BYTE       X'F1'                                                              
  180     4189    WRREC      CLEAR      X                                                                  00000000000000000000B410
  185     4191               LDT        LENGTH                                                             000000000000000000774000
  190     4194    WLOOP      TD         OUTPUT                                                             000000000000000000E32011
  195     4197               JEQ        WLOOP                                                              000000000000000000332FFA
  200     4200               LDCH       BUFFER                                                             000000000000000000534003
  205     4203               WD         OUTPUT                                                             000000000000000000DF2008
  210     4206               TIXR       T                                                                  00000000000000000000B850
  215     4208               JLT        WLOOP                                                              0000000000000000003B2FEF
  225     4214    OUTPUT     BYTE       X'05'                                                              
  230     4215               END        FIRST                                                              
